0 info it worked if it ends with ok
1 verbose cli [ '/usr/local/bin/node',
1 verbose cli   '/usr/local/bin/npm',
1 verbose cli   'run',
1 verbose cli   'stylus:watch' ]
2 info using npm@2.15.5
3 info using node@v4.4.5
4 verbose run-script [ 'prestylus:watch', 'stylus:watch', 'poststylus:watch' ]
5 info prestylus:watch sitio_de_artista@1.0.0
6 info stylus:watch sitio_de_artista@1.0.0
7 verbose unsafe-perm in lifecycle true
8 info sitio_de_artista@1.0.0 Failed to exec stylus:watch script
9 verbose stack Error: sitio_de_artista@1.0.0 stylus:watch: `stylus --watch ./build/public/assets/styles/styles.styl --out ./build/public/styles/styles.css`
9 verbose stack Exit status 1
9 verbose stack     at EventEmitter.<anonymous> (/usr/local/lib/node_modules/npm/lib/utils/lifecycle.js:217:16)
9 verbose stack     at emitTwo (events.js:87:13)
9 verbose stack     at EventEmitter.emit (events.js:172:7)
9 verbose stack     at ChildProcess.<anonymous> (/usr/local/lib/node_modules/npm/lib/utils/spawn.js:24:14)
9 verbose stack     at emitTwo (events.js:87:13)
9 verbose stack     at ChildProcess.emit (events.js:172:7)
9 verbose stack     at maybeClose (internal/child_process.js:827:16)
9 verbose stack     at Process.ChildProcess._handle.onexit (internal/child_process.js:211:5)
10 verbose pkgid sitio_de_artista@1.0.0
11 verbose cwd /Users/omar/Documents/locales/boilerplates/sitioDeArtista
12 error Darwin 16.1.0
13 error argv "/usr/local/bin/node" "/usr/local/bin/npm" "run" "stylus:watch"
14 error node v4.4.5
15 error npm  v2.15.5
16 error code ELIFECYCLE
17 error sitio_de_artista@1.0.0 stylus:watch: `stylus --watch ./build/public/assets/styles/styles.styl --out ./build/public/styles/styles.css`
17 error Exit status 1
18 error Failed at the sitio_de_artista@1.0.0 stylus:watch script 'stylus --watch ./build/public/assets/styles/styles.styl --out ./build/public/styles/styles.css'.
18 error This is most likely a problem with the sitio_de_artista package,
18 error not with npm itself.
18 error Tell the author that this fails on your system:
18 error     stylus --watch ./build/public/assets/styles/styles.styl --out ./build/public/styles/styles.css
18 error You can get information on how to open an issue for this project with:
18 error     npm bugs sitio_de_artista
18 error Or if that isn't available, you can get their info via:
18 error
18 error     npm owner ls sitio_de_artista
18 error There is likely additional logging output above.
19 verbose exit [ 1, true ]
